<?xml version="1.0" encoding="UTF-8"?>
<coverage generated="1540565893387" clover="3.2.0">
  <project timestamp="1540565893387" name="All files">
    <metrics statements="1" coveredstatements="0" conditionals="0" coveredconditionals="0" methods="0" coveredmethods="0" elements="1" coveredelements="0" complexity="0" loc="1" ncloc="1" packages="1" files="1" classes="1">
      <file name="babel.config.js" path="C:\Users\nath_\Documents\__slockEvent\vue\past-events\babel.config.js">
        <metrics statements="1" coveredstatements="0" conditionals="0" coveredconditionals="0" methods="0" coveredmethods="0"/>
        <line num="1" count="0" type="stmt"/>
      </file>
    </metrics>
  </project>
</coverage>
